2023-09-08 02:16:02,965 WARN com.zaxxer.hikari.pool.HikariPool$HouseKeeper [HikariPool-1 housekeeper] HikariPool-1 - Thread starvation or clock leap detected (housekeeper delta=3h30m31s199ms523µs701ns).
2023-09-08 02:16:02,970 DEBUG com.zaxxer.hikari.pool.HikariPool [HikariPool-1 housekeeper] HikariPool-1 - Pool stats (total=10, active=0, idle=10, waiting=0)
2023-09-08 02:16:02,970 DEBUG com.zaxxer.hikari.pool.HikariPool [HikariPool-1 housekeeper] HikariPool-1 - Fill pool skipped, pool is at sufficient level.
2023-09-08 02:16:02,971 DEBUG com.zaxxer.hikari.pool.HikariPool [HikariPool-1 housekeeper] HikariPool-1 - Add connection elided, waiting 0, queue 1
2023-09-08 02:16:02,971 DEBUG com.zaxxer.hikari.pool.PoolBase [HikariPool-1 connection closer] HikariPool-1 - Closing connection com.mysql.cj.jdbc.ConnectionImpl@370e72b7: (connection has passed maxLifetime)
2023-09-08 02:16:02,971 DEBUG com.zaxxer.hikari.pool.HikariPool [HikariPool-1 housekeeper] HikariPool-1 - Add connection elided, waiting 0, queue 1
2023-09-08 02:16:02,972 DEBUG com.zaxxer.hikari.pool.HikariPool [HikariPool-1 housekeeper] HikariPool-1 - Add connection elided, waiting 0, queue 1
2023-09-08 02:16:02,972 DEBUG com.zaxxer.hikari.pool.PoolBase [HikariPool-1 connection closer] HikariPool-1 - Closing connection com.mysql.cj.jdbc.ConnectionImpl@4e111a3: (connection has passed maxLifetime)
2023-09-08 02:16:02,972 DEBUG com.zaxxer.hikari.pool.HikariPool [HikariPool-1 housekeeper] HikariPool-1 - Add connection elided, waiting 0, queue 5
2023-09-08 02:16:02,972 DEBUG com.zaxxer.hikari.pool.HikariPool [HikariPool-1 housekeeper] HikariPool-1 - Add connection elided, waiting 0, queue 5
2023-09-08 02:16:02,972 DEBUG com.zaxxer.hikari.pool.PoolBase [HikariPool-1 connection closer] HikariPool-1 - Closing connection com.mysql.cj.jdbc.ConnectionImpl@7633788c: (connection has passed maxLifetime)
2023-09-08 02:16:02,972 DEBUG com.zaxxer.hikari.pool.HikariPool [HikariPool-1 housekeeper] HikariPool-1 - Add connection elided, waiting 0, queue 7
2023-09-08 02:16:02,974 DEBUG com.zaxxer.hikari.pool.HikariPool [HikariPool-1 housekeeper] HikariPool-1 - Add connection elided, waiting 0, queue 7
2023-09-08 02:16:02,974 DEBUG com.zaxxer.hikari.pool.PoolBase [HikariPool-1 connection closer] HikariPool-1 - Closing connection com.mysql.cj.jdbc.ConnectionImpl@67ef3c1d: (connection has passed maxLifetime)
2023-09-08 02:16:02,974 DEBUG com.zaxxer.hikari.pool.HikariPool [HikariPool-1 housekeeper] HikariPool-1 - Add connection elided, waiting 0, queue 9
2023-09-08 02:16:02,974 DEBUG com.zaxxer.hikari.pool.PoolBase [HikariPool-1 connection closer] HikariPool-1 - Closing connection com.mysql.cj.jdbc.ConnectionImpl@470f4ad8: (connection has passed maxLifetime)
2023-09-08 02:16:02,974 DEBUG com.zaxxer.hikari.pool.HikariPool [HikariPool-1 connection closer] HikariPool-1 - Fill pool skipped, pool is at sufficient level.
2023-09-08 02:16:02,975 DEBUG com.zaxxer.hikari.pool.PoolBase [HikariPool-1 connection closer] HikariPool-1 - Closing connection com.mysql.cj.jdbc.ConnectionImpl@37efa095: (connection has passed maxLifetime)
2023-09-08 02:16:02,975 DEBUG com.zaxxer.hikari.pool.HikariPool$PoolEntryCreator [HikariPool-1 connection adder] HikariPool-1 - Added connection com.mysql.cj.jdbc.ConnectionImpl@7cde7f3
2023-09-08 02:16:02,976 DEBUG com.zaxxer.hikari.pool.HikariPool [HikariPool-1 connection closer] HikariPool-1 - Fill pool skipped, pool is at sufficient level.
2023-09-08 02:16:02,976 DEBUG com.zaxxer.hikari.pool.PoolBase [HikariPool-1 connection closer] HikariPool-1 - Closing connection com.mysql.cj.jdbc.ConnectionImpl@26d23626: (connection has passed maxLifetime)
2023-09-08 02:16:02,976 DEBUG com.zaxxer.hikari.pool.HikariPool [HikariPool-1 connection closer] HikariPool-1 - Fill pool skipped, pool is at sufficient level.
2023-09-08 02:16:02,976 DEBUG com.zaxxer.hikari.pool.PoolBase [HikariPool-1 connection closer] HikariPool-1 - Closing connection com.mysql.cj.jdbc.ConnectionImpl@201cd8b2: (connection has passed maxLifetime)
2023-09-08 02:16:02,976 DEBUG com.zaxxer.hikari.pool.HikariPool [HikariPool-1 connection closer] HikariPool-1 - Fill pool skipped, pool is at sufficient level.
2023-09-08 02:16:02,976 DEBUG com.zaxxer.hikari.pool.PoolBase [HikariPool-1 connection closer] HikariPool-1 - Closing connection com.mysql.cj.jdbc.ConnectionImpl@56425bdb: (connection has passed maxLifetime)
2023-09-08 02:16:02,976 DEBUG com.zaxxer.hikari.pool.HikariPool [HikariPool-1 connection closer] HikariPool-1 - Fill pool skipped, pool is at sufficient level.
2023-09-08 02:16:02,976 DEBUG com.zaxxer.hikari.pool.HikariPool$PoolEntryCreator [HikariPool-1 connection adder] HikariPool-1 - Added connection com.mysql.cj.jdbc.ConnectionImpl@46f0edc8
2023-09-08 02:16:02,976 DEBUG com.zaxxer.hikari.pool.PoolBase [HikariPool-1 connection closer] HikariPool-1 - Closing connection com.mysql.cj.jdbc.ConnectionImpl@6121d289: (connection has passed maxLifetime)
2023-09-08 02:16:02,976 DEBUG com.zaxxer.hikari.pool.HikariPool [HikariPool-1 connection closer] HikariPool-1 - Fill pool skipped, pool is at sufficient level.
2023-09-08 02:16:02,976 DEBUG com.zaxxer.hikari.pool.HikariPool$PoolEntryCreator [HikariPool-1 connection adder] HikariPool-1 - Added connection com.mysql.cj.jdbc.ConnectionImpl@777cacdc
2023-09-08 02:16:02,982 DEBUG com.zaxxer.hikari.pool.HikariPool$PoolEntryCreator [HikariPool-1 connection adder] HikariPool-1 - Added connection com.mysql.cj.jdbc.ConnectionImpl@26df1287
2023-09-08 02:16:02,982 DEBUG com.zaxxer.hikari.pool.HikariPool$PoolEntryCreator [HikariPool-1 connection adder] HikariPool-1 - Added connection com.mysql.cj.jdbc.ConnectionImpl@1a0a70b2
2023-09-08 02:16:02,982 DEBUG com.zaxxer.hikari.pool.HikariPool$PoolEntryCreator [HikariPool-1 connection adder] HikariPool-1 - Added connection com.mysql.cj.jdbc.ConnectionImpl@229148e1
2023-09-08 02:16:02,982 DEBUG com.zaxxer.hikari.pool.HikariPool [HikariPool-1 connection adder] HikariPool-1 - After adding stats (total=6, active=0, idle=6, waiting=0)
2023-09-08 02:16:02,982 DEBUG com.zaxxer.hikari.pool.HikariPool$PoolEntryCreator [HikariPool-1 connection adder] HikariPool-1 - Added connection com.mysql.cj.jdbc.ConnectionImpl@72f5a812
2023-09-08 02:16:02,982 DEBUG com.zaxxer.hikari.pool.HikariPool$PoolEntryCreator [HikariPool-1 connection adder] HikariPool-1 - Added connection com.mysql.cj.jdbc.ConnectionImpl@7644194
2023-09-08 02:16:02,982 DEBUG com.zaxxer.hikari.pool.HikariPool [HikariPool-1 connection adder] HikariPool-1 - After adding stats (total=8, active=0, idle=8, waiting=0)
2023-09-08 02:16:02,999 DEBUG com.zaxxer.hikari.pool.HikariPool$PoolEntryCreator [HikariPool-1 connection adder] HikariPool-1 - Added connection com.mysql.cj.jdbc.ConnectionImpl@7d991ada
2023-09-08 02:16:03,001 DEBUG com.zaxxer.hikari.pool.HikariPool$PoolEntryCreator [HikariPool-1 connection adder] HikariPool-1 - Added connection com.mysql.cj.jdbc.ConnectionImpl@212162b5
2023-09-08 02:16:03,004 DEBUG com.zaxxer.hikari.pool.HikariPool [HikariPool-1 connection adder] HikariPool-1 - After adding stats (total=10, active=0, idle=10, waiting=0)
2023-09-08 02:16:32,979 DEBUG com.zaxxer.hikari.pool.HikariPool [HikariPool-1 housekeeper] HikariPool-1 - Pool stats (total=10, active=0, idle=10, waiting=0)
2023-09-08 02:16:32,979 DEBUG com.zaxxer.hikari.pool.HikariPool [HikariPool-1 housekeeper] HikariPool-1 - Fill pool skipped, pool is at sufficient level.
